#
# A fatal error has been detected by the Java Runtime Environment:
#
#  EXCEPTION_ACCESS_VIOLATION (0xc0000005) at pc=0x6a38ae06, pid=1264, tid=101628
#
# JRE version: Java(TM) SE Runtime Environment (7.0_67-b01) (build 1.7.0_67-b01)
# Java VM: Java HotSpot(TM) Client VM (24.65-b04 mixed mode windows-x86 )
# Problematic frame:
# V  [jvm.dll+0x11ae06]
#
# Failed to write core dump. Minidumps are not enabled by default on client versions of Windows
#
# If you would like to submit a bug report, please visit:
#   http://bugreport.sun.com/bugreport/crash.jsp
#

---------------  T H R E A D  ---------------

Current thread (0x1aa01400):  JavaThread "JDWP Transport Listener: dt_socket" daemon [_thread_in_vm, id=101628, stack(0x1b830000,0x1b880000)]

siginfo: ExceptionCode=0xc0000005, reading address 0x00000000

Registers:
EAX=0x00000000, EBX=0x1aa01400, ECX=0x000002e9, EDX=0x00000000
ESP=0x1b87f534, EBP=0x1b87f580, ESI=0x1aa01400, EDI=0x1b87f870
EIP=0x6a38ae06, EFLAGS=0x00010202

Top of Stack: (sp=0x1b87f534)
0x1b87f534:   00000000 1a9d31c8 1aa01400 1aa01a10
0x1b87f544:   00000001 00000001 00000006 1e26ec78
0x1b87f554:   1aa00570 1a9fb728 1a9fb740 1a9fbb1c
0x1b87f564:   000003ec 1aa01a20 1aa01a24 000005d9
0x1b87f574:   1b87f870 00000000 1aa01a04 1b87f610
0x1b87f584:   6a38b646 1aa019e0 1aa01a04 1aa01400
0x1b87f594:   1aa01400 1d4d2500 1b87f870 02000002
0x1b87f5a4:   726f7373 00000005 6c2f6176 042b0000 

Instructions: (pc=0x6a38ae06)
0x6a38ade6:   a6 6a ef ff 8b 4d e8 8b 01 8b 48 24 85 c9 75 0d
0x6a38adf6:   8b 55 f8 8b 0a 8b 50 1c 89 51 24 eb 08 8b 45 f8
0x6a38ae06:   8b 10 89 4a 24 8b 9e b0 00 00 00 8b 43 04 8b 4b
0x6a38ae16:   08 8b 53 0c 89 45 d8 8b 43 10 6a 00 6a 08 89 5d 


Register to memory mapping:

EAX=0x00000000 is an unknown value
EBX=0x1aa01400 is a thread
ECX=0x000002e9 is an unknown value
EDX=0x00000000 is an unknown value
ESP=0x1b87f534 is pointing into the stack for thread: 0x1aa01400
EBP=0x1b87f580 is pointing into the stack for thread: 0x1aa01400
ESI=0x1aa01400 is a thread
EDI=0x1b87f870 is pointing into the stack for thread: 0x1aa01400


Stack: [0x1b830000,0x1b880000],  sp=0x1b87f534,  free space=317k
Native frames: (J=compiled Java code, j=interpreted, Vv=VM code, C=native code)
V  [jvm.dll+0x11ae06]
V  [jvm.dll+0x11b646]
V  [jvm.dll+0x11bb6e]
V  [jvm.dll+0x1012fa]
V  [jvm.dll+0x20c96d]
C  [jdwp.dll+0x7eb8]
C  [jdwp.dll+0xbd27]


---------------  P R O C E S S  ---------------

Java Threads: ( => current thread )
  0x1ea0e000 JavaThread "Abandoned connection cleanup thread" daemon [_thread_blocked, id=13460, stack(0x1f050000,0x1f0a0000)]
  0x1cf77000 JavaThread "PoolCleaner[18072329:1527921916817]" daemon [_thread_blocked, id=93576, stack(0x007e0000,0x00830000)]
  0x1cf77800 JavaThread "commons-pool-EvictionTimer" daemon [_thread_blocked, id=99408, stack(0x1efc0000,0x1f010000)]
  0x1cf76c00 JavaThread "HashSessionScavenger-2" daemon [_thread_blocked, id=8920, stack(0x00750000,0x007a0000)]
  0x1cf78400 JavaThread "Abandoned connection cleanup thread" daemon [_thread_blocked, id=100676, stack(0x1d860000,0x1d8b0000)]
  0x1cf75800 JavaThread "commons-pool-EvictionTimer" daemon [_thread_blocked, id=103732, stack(0x1d7d0000,0x1d820000)]
  0x1cf79000 JavaThread "Scanner-0" daemon [_thread_blocked, id=104776, stack(0x1df60000,0x1dfb0000)]
  0x1cf78000 JavaThread "qtp30529636-26" [_thread_blocked, id=5052, stack(0x1ded0000,0x1df20000)]
  0x1cf76400 JavaThread "qtp30529636-25" [_thread_blocked, id=103552, stack(0x1de40000,0x1de90000)]
  0x1cf76000 JavaThread "qtp30529636-24" [_thread_blocked, id=101232, stack(0x1ddb0000,0x1de00000)]
  0x1cf78c00 JavaThread "qtp30529636-23" [_thread_blocked, id=104468, stack(0x1dd20000,0x1dd70000)]
  0x1cf75400 JavaThread "qtp30529636-22" [_thread_blocked, id=104264, stack(0x1dc90000,0x1dce0000)]
  0x1d583800 JavaThread "qtp30529636-21" [_thread_blocked, id=101372, stack(0x1dc00000,0x1dc50000)]
  0x1d583400 JavaThread "qtp30529636-20 Acceptor0 SelectChannelConnector@0.0.0.0:8085" [_thread_in_native, id=104600, stack(0x1db70000,0x1dbc0000)]
  0x1d585800 JavaThread "qtp30529636-19 Selector0" [_thread_in_native, id=105380, stack(0x1dae0000,0x1db30000)]
  0x1cbb2800 JavaThread "Abandoned connection cleanup thread" daemon [_thread_blocked, id=92012, stack(0x1d980000,0x1d9d0000)]
  0x1cb6a800 JavaThread "commons-pool-EvictionTimer" daemon [_thread_blocked, id=102568, stack(0x1d8f0000,0x1d940000)]
  0x1aa29000 JavaThread "Service Thread" daemon [_thread_blocked, id=98280, stack(0x1ba70000,0x1bac0000)]
  0x1aa16c00 JavaThread "C1 CompilerThread0" daemon [_thread_blocked, id=2036, stack(0x1b9e0000,0x1ba30000)]
  0x1aa09400 JavaThread "JDWP Command Reader" daemon [_thread_in_native, id=16592, stack(0x1b950000,0x1b9a0000)]
  0x1aa04400 JavaThread "JDWP Event Helper Thread" daemon [_thread_blocked, id=101728, stack(0x1b8c0000,0x1b910000)]
=>0x1aa01400 JavaThread "JDWP Transport Listener: dt_socket" daemon [_thread_in_vm, id=101628, stack(0x1b830000,0x1b880000)]
  0x1a9f5800 JavaThread "Attach Listener" daemon [_thread_blocked, id=16652, stack(0x1aca0000,0x1acf0000)]
  0x1a9f0800 JavaThread "Signal Dispatcher" daemon [_thread_blocked, id=91464, stack(0x1ac10000,0x1ac60000)]
  0x0476b400 JavaThread "Finalizer" daemon [_thread_blocked, id=100548, stack(0x1a980000,0x1a9d0000)]
  0x04766000 JavaThread "Reference Handler" daemon [_thread_blocked, id=13468, stack(0x1a8f0000,0x1a940000)]
  0x042bcc00 JavaThread "main" [_thread_blocked, id=9864, stack(0x02990000,0x029e0000)]

Other Threads:
  0x04763400 VMThread [stack: 0x067b0000,0x06800000] [id=104312]
  0x1aa33400 WatcherThread [stack: 0x1bb00000,0x1bb50000] [id=91484]

VM state:not at safepoint (normal execution)

VM Mutex/Monitor currently owned by a thread: None

Heap
 def new generation   total 39616K, used 725K [0x06800000, 0x092f0000, 0x0bd50000)
  eden space 35264K,   2% used [0x06800000, 0x068b5738, 0x08a70000)
  from space 4352K,   0% used [0x08eb0000, 0x08eb0000, 0x092f0000)
  to   space 4352K,   0% used [0x08a70000, 0x08a70000, 0x08eb0000)
 tenured generation   total 87800K, used 33172K [0x0bd50000, 0x1130e000, 0x16800000)
   the space 87800K,  37% used [0x0bd50000, 0x0ddb52b8, 0x0ddb5400, 0x1130e000)
 compacting perm gen  total 65536K, used 65533K [0x16800000, 0x1a800000, 0x1a800000)
   the space 65536K,  99% used [0x16800000, 0x1a7ff590, 0x1a7ff600, 0x1a800000)
No shared spaces configured.

Card table byte_map: [0x1a800000,0x1a8b0000] byte_map_base: 0x1a7cc000

Polling page: 0x04190000

Code Cache  [0x04770000, 0x05138000, 0x06770000)
 total_blobs=4667 nmethods=4476 adapters=134 free_code_cache=22790Kb largest_free_block=23330560

Compilation events (10 events):
Event: 550.177 Thread 0x1aa16c00 4578             java.io.BufferedWriter::ensureOpen (18 bytes)
Event: 550.178 Thread 0x1aa16c00 nmethod 4578 0x0512db88 code [0x0512dc90, 0x0512dd8c]
Event: 550.179 Thread 0x1aa16c00 4579             java.io.OutputStream::flush (1 bytes)
Event: 550.179 Thread 0x1aa16c00 nmethod 4579 0x0512de48 code [0x0512df40, 0x0512dfc0]
Event: 550.180 Thread 0x1aa16c00 4580   !         java.io.BufferedWriter::flushBuffer (53 bytes)
Event: 550.180 Thread 0x1aa16c00 nmethod 4580 0x0512e008 code [0x0512e140, 0x0512e478]
Event: 550.180 Thread 0x1aa16c00 4581             java.nio.Buffer::clear (20 bytes)
Event: 550.181 Thread 0x1aa16c00 nmethod 4581 0x0512e648 code [0x0512e740, 0x0512e7d0]
Event: 587.123 Thread 0x1aa16c00 4582   !         org.eclipse.jetty.util.BlockingArrayQueue::poll (160 bytes)
Event: 587.124 Thread 0x1aa16c00 nmethod 4582 0x0512e808 code [0x0512ea50, 0x0512f294]

GC Heap History (10 events):
Event: 600.737 GC heap before
{Heap before GC invocations=161 (full 20):
 def new generation   total 39616K, used 35264K [0x06800000, 0x092f0000, 0x0bd50000)
  eden space 35264K, 100% used [0x06800000, 0x08a70000, 0x08a70000)
  from space 4352K,   0% used [0x08a70000, 0x08a70000, 0x08eb0000)
  to   space 4352K,   0% used [0x08eb0000, 0x08eb0000, 0x092f0000)
 tenured generation   total 87800K, used 29807K [0x0bd50000, 0x1130e000, 0x16800000)
   the space 87800K,  33% used [0x0bd50000, 0x0da6bfd0, 0x0da6c000, 0x1130e000)
 compacting perm gen  total 65536K, used 65512K [0x16800000, 0x1a800000, 0x1a800000)
   the space 65536K,  99% used [0x16800000, 0x1a7fa2f0, 0x1a7fa400, 0x1a800000)
No shared spaces configured.
Event: 600.748 GC heap after
Heap after GC invocations=162 (full 20):
 def new generation   total 39616K, used 4352K [0x06800000, 0x092f0000, 0x0bd50000)
  eden space 35264K,   0% used [0x06800000, 0x06800000, 0x08a70000)
  from space 4352K, 100% used [0x08eb0000, 0x092f0000, 0x092f0000)
  to   space 4352K,   0% used [0x08a70000, 0x08a70000, 0x08eb0000)
 tenured generation   total 87800K, used 32850K [0x0bd50000, 0x1130e000, 0x16800000)
   the space 87800K,  37% used [0x0bd50000, 0x0dd64928, 0x0dd64a00, 0x1130e000)
 compacting perm gen  total 65536K, used 65512K [0x16800000, 0x1a800000, 0x1a800000)
   the space 65536K,  99% used [0x16800000, 0x1a7fa2f0, 0x1a7fa400, 0x1a800000)
No shared spaces configured.
}
Event: 653.602 GC heap before
{Heap before GC invocations=162 (full 20):
 def new generation   total 39616K, used 39616K [0x06800000, 0x092f0000, 0x0bd50000)
  eden space 35264K, 100% used [0x06800000, 0x08a70000, 0x08a70000)
  from space 4352K, 100% used [0x08eb0000, 0x092f0000, 0x092f0000)
  to   space 4352K,   0% used [0x08a70000, 0x08a70000, 0x08eb0000)
 tenured generation   total 87800K, used 32850K [0x0bd50000, 0x1130e000, 0x16800000)
   the space 87800K,  37% used [0x0bd50000, 0x0dd64928, 0x0dd64a00, 0x1130e000)
 compacting perm gen  total 65536K, used 65518K [0x16800000, 0x1a800000, 0x1a800000)
   the space 65536K,  99% used [0x16800000, 0x1a7fba88, 0x1a7fbc00, 0x1a800000)
No shared spaces configured.
Event: 653.619 GC heap after
Heap after GC invocations=163 (full 20):
 def new generation   total 39616K, used 4352K [0x06800000, 0x092f0000, 0x0bd50000)
  eden space 35264K,   0% used [0x06800000, 0x06800000, 0x08a70000)
  from space 4352K, 100% used [0x08a70000, 0x08eb0000, 0x08eb0000)
  to   space 4352K,   0% used [0x08eb0000, 0x08eb0000, 0x092f0000)
 tenured generation   total 87800K, used 40461K [0x0bd50000, 0x1130e000, 0x16800000)
   the space 87800K,  46% used [0x0bd50000, 0x0e4d35f8, 0x0e4d3600, 0x1130e000)
 compacting perm gen  total 65536K, used 65518K [0x16800000, 0x1a800000, 0x1a800000)
   the space 65536K,  99% used [0x16800000, 0x1a7fba88, 0x1a7fbc00, 0x1a800000)
No shared spaces configured.
}
Event: 707.253 GC heap before
{Heap before GC invocations=163 (full 20):
 def new generation   total 39616K, used 39616K [0x06800000, 0x092f0000, 0x0bd50000)
  eden space 35264K, 100% used [0x06800000, 0x08a70000, 0x08a70000)
  from space 4352K, 100% used [0x08a70000, 0x08eb0000, 0x08eb0000)
  to   space 4352K,   0% used [0x08eb0000, 0x08eb0000, 0x092f0000)
 tenured generation   total 87800K, used 40461K [0x0bd50000, 0x1130e000, 0x16800000)
   the space 87800K,  46% used [0x0bd50000, 0x0e4d35f8, 0x0e4d3600, 0x1130e000)
 compacting perm gen  total 65536K, used 65518K [0x16800000, 0x1a800000, 0x1a800000)
   the space 65536K,  99% used [0x16800000, 0x1a7fba88, 0x1a7fbc00, 0x1a800000)
No shared spaces configured.
Event: 707.264 GC heap after
Heap after GC invocations=164 (full 20):
 def new generation   total 39616K, used 4351K [0x06800000, 0x092f0000, 0x0bd50000)
  eden space 35264K,   0% used [0x06800000, 0x06800000, 0x08a70000)
  from space 4352K,  99% used [0x08eb0000, 0x092efff8, 0x092f0000)
  to   space 4352K,   0% used [0x08a70000, 0x08a70000, 0x08eb0000)
 tenured generation   total 87800K, used 48123K [0x0bd50000, 0x1130e000, 0x16800000)
   the space 87800K,  54% used [0x0bd50000, 0x0ec4ef20, 0x0ec4f000, 0x1130e000)
 compacting perm gen  total 65536K, used 65518K [0x16800000, 0x1a800000, 0x1a800000)
   the space 65536K,  99% used [0x16800000, 0x1a7fba88, 0x1a7fbc00, 0x1a800000)
No shared spaces configured.
}
Event: 717.892 GC heap before
{Heap before GC invocations=164 (full 20):
 def new generation   total 39616K, used 11749K [0x06800000, 0x092f0000, 0x0bd50000)
  eden space 35264K,  20% used [0x06800000, 0x06f39770, 0x08a70000)
  from space 4352K,  99% used [0x08eb0000, 0x092efff8, 0x092f0000)
  to   space 4352K,   0% used [0x08a70000, 0x08a70000, 0x08eb0000)
 tenured generation   total 87800K, used 48123K [0x0bd50000, 0x1130e000, 0x16800000)
   the space 87800K,  54% used [0x0bd50000, 0x0ec4ef20, 0x0ec4f000, 0x1130e000)
 compacting perm gen  total 65536K, used 65533K [0x16800000, 0x1a800000, 0x1a800000)
   the space 65536K,  99% used [0x16800000, 0x1a7ff590, 0x1a7ff600, 0x1a800000)
No shared spaces configured.
Event: 718.051 GC heap after
Heap after GC invocations=165 (full 21):
 def new generation   total 39616K, used 0K [0x06800000, 0x092f0000, 0x0bd50000)
  eden space 35264K,   0% used [0x06800000, 0x06800000, 0x08a70000)
  from space 4352K,   0% used [0x08eb0000, 0x08eb0000, 0x092f0000)
  to   space 4352K,   0% used [0x08a70000, 0x08a70000, 0x08eb0000)
 tenured generation   total 87800K, used 33172K [0x0bd50000, 0x1130e000, 0x16800000)
   the space 87800K,  37% used [0x0bd50000, 0x0ddb52a0, 0x0ddb5400, 0x1130e000)
 compacting perm gen  total 65536K, used 65533K [0x16800000, 0x1a800000, 0x1a800000)
   the space 65536K,  99% used [0x16800000, 0x1a7ff590, 0x1a7ff600, 0x1a800000)
No shared spaces configured.
}
Event: 718.051 GC heap before
{Heap before GC invocations=165 (full 21):
 def new generation   total 39616K, used 723K [0x06800000, 0x092f0000, 0x0bd50000)
  eden space 35264K,   2% used [0x06800000, 0x068b4ef0, 0x08a70000)
  from space 4352K,   0% used [0x08eb0000, 0x08eb0000, 0x092f0000)
  to   space 4352K,   0% used [0x08a70000, 0x08a70000, 0x08eb0000)
 tenured generation   total 87800K, used 33172K [0x0bd50000, 0x1130e000, 0x16800000)
   the space 87800K,  37% used [0x0bd50000, 0x0ddb52a0, 0x0ddb5400, 0x1130e000)
 compacting perm gen  total 65536K, used 65533K [0x16800000, 0x1a800000, 0x1a800000)
   the space 65536K,  99% used [0x16800000, 0x1a7ff590, 0x1a7ff600, 0x1a800000)
No shared spaces configured.
Event: 718.192 GC heap after
Heap after GC invocations=166 (full 22):
 def new generation   total 39616K, used 0K [0x06800000, 0x092f0000, 0x0bd50000)
  eden space 35264K,   0% used [0x06800000, 0x06800000, 0x08a70000)
  from space 4352K,   0% used [0x08eb0000, 0x08eb0000, 0x092f0000)
  to   space 4352K,   0% used [0x08a70000, 0x08a70000, 0x08eb0000)
 tenured generation   total 87800K, used 33172K [0x0bd50000, 0x1130e000, 0x16800000)
   the space 87800K,  37% used [0x0bd50000, 0x0ddb52b8, 0x0ddb5400, 0x1130e000)
 compacting perm gen  total 65536K, used 65533K [0x16800000, 0x1a800000, 0x1a800000)
   the space 65536K,  99% used [0x16800000, 0x1a7ff590, 0x1a7ff600, 0x1a800000)
No shared spaces configured.
}

Deoptimization events (0 events):
No events

Internal exceptions (10 events):
Event: 549.188 Thread 0x1cf79000 Threw 0x069775f8 at C:\re\jdk7u67\1368\hotspot\src\share\vm\prims\jvm.cpp:1244
Event: 549.188 Thread 0x1cf79000 Threw 0x06977c80 at C:\re\jdk7u67\1368\hotspot\src\share\vm\prims\jvm.cpp:1244
Event: 549.188 Thread 0x1cf79000 Threw 0x06978360 at C:\re\jdk7u67\1368\hotspot\src\share\vm\prims\jvm.cpp:1244
Event: 549.188 Thread 0x1cf79000 Threw 0x06978810 at C:\re\jdk7u67\1368\hotspot\src\share\vm\classfile\systemDictionary.cpp:185
Event: 549.484 Thread 0x1cf79000 Threw 0x16873b98 at C:\re\jdk7u67\1368\hotspot\src\share\vm\gc_interface/collectedHeap.inline.hpp:225
Event: 549.992 Thread 0x1cf79000 Threw 0x16873b98 at C:\re\jdk7u67\1368\hotspot\src\share\vm\prims\jvm.cpp:1248
Event: 550.163 Thread 0x1cf79000 Threw 0x068279b0 at C:\re\jdk7u67\1368\hotspot\src\share\vm\prims\jvm.cpp:1244
Event: 550.164 Thread 0x1cf79000 Threw 0x06847768 at C:\re\jdk7u67\1368\hotspot\src\share\vm\prims\jvm.cpp:1244
Event: 550.165 Thread 0x1cf79000 Threw 0x06855258 at C:\re\jdk7u67\1368\hotspot\src\share\vm\prims\jvm.cpp:1244
Event: 718.192 Thread 0x1aa01400 Threw 0x16873b78 at C:\re\jdk7u67\1368\hotspot\src\share\vm\gc_interface/collectedHeap.inline.hpp:225

Events (10 events):
Event: 600.736 Executing VM operation: GenCollectForAllocation
Event: 600.749 Executing VM operation: GenCollectForAllocation done
Event: 653.602 Executing VM operation: GenCollectForAllocation
Event: 653.619 Executing VM operation: GenCollectForAllocation done
Event: 707.253 Executing VM operation: GenCollectForAllocation
Event: 707.264 Executing VM operation: GenCollectForAllocation done
Event: 717.892 Executing VM operation: GenCollectForPermanentAllocation
Event: 718.051 Executing VM operation: GenCollectForPermanentAllocation done
Event: 718.051 Executing VM operation: GenCollectForPermanentAllocation
Event: 718.192 Executing VM operation: GenCollectForPermanentAllocation done


Dynamic libraries:
0x008c0000 - 0x008ef000 	D:\Profession\DevTool\repository\JDK\jdk1.7.0_67\bin\javaw.exe
0x77030000 - 0x771bd000 	C:\WINDOWS\SYSTEM32\ntdll.dll
0x73ef0000 - 0x73fc0000 	C:\WINDOWS\System32\KERNEL32.DLL
0x73b90000 - 0x73d67000 	C:\WINDOWS\System32\KERNELBASE.dll
0x755c0000 - 0x75638000 	C:\WINDOWS\System32\ADVAPI32.dll
0x76500000 - 0x765bd000 	C:\WINDOWS\System32\msvcrt.dll
0x75410000 - 0x75453000 	C:\WINDOWS\System32\sechost.dll
0x75500000 - 0x755be000 	C:\WINDOWS\System32\RPCRT4.dll
0x73a50000 - 0x73a70000 	C:\WINDOWS\System32\SspiCli.dll
0x73a40000 - 0x73a4a000 	C:\WINDOWS\System32\CRYPTBASE.dll
0x76810000 - 0x76867000 	C:\WINDOWS\System32\bcryptPrimitives.dll
0x73d70000 - 0x73ee5000 	C:\WINDOWS\System32\USER32.dll
0x77010000 - 0x77026000 	C:\WINDOWS\System32\win32u.dll
0x75c50000 - 0x75c72000 	C:\WINDOWS\System32\GDI32.dll
0x76880000 - 0x769df000 	C:\WINDOWS\System32\gdi32full.dll
0x74050000 - 0x740cc000 	C:\WINDOWS\System32\msvcp_win.dll
0x73a70000 - 0x73b87000 	C:\WINDOWS\System32\ucrtbase.dll
0x700c0000 - 0x702d1000 	C:\WINDOWS\WinSxS\x86_microsoft.windows.common-controls_6595b64144ccf1df_6.0.16299.431_none_5d750ac5a7e1c779\COMCTL32.dll
0x761b0000 - 0x763f6000 	C:\WINDOWS\System32\combase.dll
0x75a90000 - 0x75ab5000 	C:\WINDOWS\System32\IMM32.DLL
0x739e0000 - 0x73a3f000 	C:\WINDOWS\System32\dtrampo.dll
0x69f60000 - 0x6a01f000 	D:\Profession\DevTool\repository\JDK\jdk1.7.0_67\jre\bin\msvcr100.dll
0x6a270000 - 0x6a5f8000 	D:\Profession\DevTool\repository\JDK\jdk1.7.0_67\jre\bin\client\jvm.dll
0x75d60000 - 0x75d66000 	C:\WINDOWS\System32\PSAPI.DLL
0x6f3b0000 - 0x6f3b8000 	C:\WINDOWS\SYSTEM32\WSOCK32.dll
0x75dd0000 - 0x75e36000 	C:\WINDOWS\System32\WS2_32.dll
0x73020000 - 0x73044000 	C:\WINDOWS\SYSTEM32\WINMM.dll
0x72ff0000 - 0x73013000 	C:\WINDOWS\SYSTEM32\WINMMBASE.dll
0x76020000 - 0x76058000 	C:\WINDOWS\System32\cfgmgr32.dll
0x73950000 - 0x7395c000 	D:\Profession\DevTool\repository\JDK\jdk1.7.0_67\jre\bin\verify.dll
0x73930000 - 0x73950000 	D:\Profession\DevTool\repository\JDK\jdk1.7.0_67\jre\bin\java.dll
0x6b420000 - 0x6b44a000 	D:\Profession\DevTool\repository\JDK\jdk1.7.0_67\jre\bin\jdwp.dll
0x6f270000 - 0x6f277000 	D:\Profession\DevTool\repository\JDK\jdk1.7.0_67\jre\bin\npt.dll
0x73790000 - 0x737a3000 	D:\Profession\DevTool\repository\JDK\jdk1.7.0_67\jre\bin\zip.dll
0x6b500000 - 0x6b508000 	D:\Profession\DevTool\repository\JDK\jdk1.7.0_67\jre\bin\dt_socket.dll
0x1acf0000 - 0x1ae5d000 	C:\Program Files (x86)\Sangfor\SSL\ClientComponent\10_SangforNsp.dll
0x740d0000 - 0x75404000 	C:\WINDOWS\System32\SHELL32.dll
0x76400000 - 0x76488000 	C:\WINDOWS\System32\shcore.dll
0x769e0000 - 0x76fa6000 	C:\WINDOWS\System32\windows.storage.dll
0x75460000 - 0x754a5000 	C:\WINDOWS\System32\shlwapi.dll
0x75dc0000 - 0x75dce000 	C:\WINDOWS\System32\kernel.appcore.dll
0x754b0000 - 0x754f5000 	C:\WINDOWS\System32\powrprof.dll
0x76660000 - 0x76674000 	C:\WINDOWS\System32\profapi.dll
0x76710000 - 0x76807000 	C:\WINDOWS\System32\ole32.dll
0x765c0000 - 0x76653000 	C:\WINDOWS\System32\OLEAUT32.dll
0x6e6f0000 - 0x6e81e000 	C:\WINDOWS\SYSTEM32\MFC42.DLL
0x71fc0000 - 0x7214c000 	C:\WINDOWS\SYSTEM32\urlmon.dll
0x75640000 - 0x75659000 	C:\WINDOWS\System32\imagehlp.dll
0x6e4b0000 - 0x6e520000 	C:\WINDOWS\SYSTEM32\MSVCP60.dll
0x736c0000 - 0x736f0000 	C:\WINDOWS\SYSTEM32\iphlpapi.dll
0x71da0000 - 0x71fba000 	C:\WINDOWS\SYSTEM32\iertutil.dll
0x76680000 - 0x76702000 	C:\WINDOWS\System32\clbcatq.dll
0x6e480000 - 0x6e491000 	C:\WINDOWS\system32\napinsp.dll
0x6e460000 - 0x6e476000 	C:\WINDOWS\system32\pnrpnsp.dll
0x6e440000 - 0x6e453000 	C:\WINDOWS\system32\NLAapi.dll
0x6e3e0000 - 0x6e435000 	C:\WINDOWS\System32\mswsock.dll
0x70360000 - 0x703f4000 	C:\WINDOWS\SYSTEM32\DNSAPI.dll
0x76870000 - 0x76877000 	C:\WINDOWS\System32\NSI.dll
0x6e3d0000 - 0x6e3dc000 	C:\WINDOWS\System32\winrnr.dll
0x6e3c0000 - 0x6e3d0000 	C:\WINDOWS\System32\wshbth.dll
0x1af90000 - 0x1b326000 	C:\Program Files (x86)\Sangfor\SSL\ClientComponent\1_SangforTcp.dll
0x75ac0000 - 0x75c42000 	C:\WINDOWS\System32\CRYPT32.dll
0x76010000 - 0x7601e000 	C:\WINDOWS\System32\MSASN1.dll
0x73620000 - 0x73628000 	C:\WINDOWS\SYSTEM32\VERSION.dll
0x72320000 - 0x725e4000 	C:\WINDOWS\SYSTEM32\WININET.dll
0x6d310000 - 0x6d35e000 	C:\WINDOWS\System32\fwpuclnt.dll
0x73260000 - 0x73279000 	C:\WINDOWS\SYSTEM32\bcrypt.dll
0x6db00000 - 0x6db08000 	C:\Windows\System32\rasadhlp.dll
0x73490000 - 0x734a4000 	D:\Profession\DevTool\repository\JDK\jdk1.7.0_67\jre\bin\net.dll
0x704c0000 - 0x704cf000 	D:\Profession\DevTool\repository\JDK\jdk1.7.0_67\jre\bin\nio.dll
0x68db0000 - 0x68dba000 	D:\Profession\DevTool\repository\JDK\jdk1.7.0_67\jre\bin\management.dll
0x732b0000 - 0x732c3000 	C:\WINDOWS\SYSTEM32\CRYPTSP.dll
0x73280000 - 0x732af000 	C:\WINDOWS\system32\rsaenh.dll
0x73690000 - 0x736b2000 	C:\WINDOWS\SYSTEM32\USERENV.dll
0x6d270000 - 0x6d283000 	C:\WINDOWS\SYSTEM32\dhcpcsvc6.DLL
0x6f2e0000 - 0x6f2f4000 	C:\WINDOWS\SYSTEM32\dhcpcsvc.DLL
0x730d0000 - 0x73251000 	C:\WINDOWS\SYSTEM32\dbghelp.dll

VM Arguments:
jvm_args: -agentlib:jdwp=transport=dt_socket,suspend=y,address=localhost:46216 -Dmaven.home=EMBEDDED -Dclassworlds.conf=D:\Profession\DevTool\workspace\.metadata\.plugins\org.eclipse.m2e.launching\launches\m2conf2129685237457710304.tmp -Dmaven.multiModuleProjectDirectory=D:\Profession\DevTool\workspace\document -Dfile.encoding=UTF-8 
java_command: org.codehaus.plexus.classworlds.launcher.Launcher -B -Dmaven.test.skip=true -DskipTests -s D:\Profession\DevTool\repository\Maven\Maven3.2.2\conf\settings.xml jetty:run
Launcher Type: SUN_STANDARD

Environment Variables:
JAVA_HOME=D:\Profession\DevTool\repository\JDK\jdk1.7.0_67
PATH=D:\Profession\DevTool\repository\JDK\jdk1.7.0_67\jre\bin;D:/Profession/DevTool/repository/JDK/jdk1.7.0_67/bin/../jre/bin/client;D:/Profession/DevTool/repository/JDK/jdk1.7.0_67/bin/../jre/bin;D:/Profession/DevTool/repository/JDK/jdk1.7.0_67/bin/../jre/lib/i386;D:\Profession\DevTool\repository\JDK\jdk1.7.0_67\bin;D:\Profession\DevTool\bin;C:\Program Files (x86)\Intel\iCLS Client\;C:\Program Files\Intel\iCLS Client\;C:\Windows\system32;C:\Windows;C:\Windows\System32\Wbem;C:\Windows\System32\WindowsPowerShell\v1.0\;C:\Program Files (x86)\NVIDIA Corporation\PhysX\Common;C:\Program Files\Intel\WiFi\bin\;C:\Program Files\Common Files\Intel\WirelessCommon\;D:\Profession\TortoiseSVN\bin;D:\Profession\Java\jdk1.8.0_144\bin;C:\Program Files (x86)\Intel\Intel(R) Management Engine Components\DAL;C:\Program Files\Intel\Intel(R) Management Engine Components\DAL;C:\Program Files (x86)\Intel\Intel(R) Management Engine Components\IPT;C:\Program Files\Intel\Intel(R) Management Engine Components\IPT;C:\WINDOWS\system32;C:\WINDOWS;C:\WINDOWS\System32\Wbem;C:\WINDOWS\System32\WindowsPowerShell\v1.0\;C:\ProgramData\Oracle\Java\javapath;D:\Profession\DevTool\repository\Maven\Maven3.2.2\bin;D:\Profession\OpenVPN\bin;C:\Users\Think\AppData\Local\Microsoft\WindowsApps;C:\Program Files\Intel\WiFi\bin\;C:\Program Files\Common Files\Intel\WirelessCommon\;D:\Profession\Fiddler;C:\Users\Think\AppData\Local\Microsoft\WindowsApps;D:\Amateur\Bandizip\;D:\Profession\DevTool\repository\IDE\IUAP_STUDIO;
USERNAME=Think
OS=Windows_NT
PROCESSOR_IDENTIFIER=Intel64 Family 6 Model 142 Stepping 9, GenuineIntel



---------------  S Y S T E M  ---------------

OS: Windows 8.1 , 64 bit Build 9600 

CPU:total 4 (2 cores per cpu, 2 threads per core) family 6 model 142 stepping 9, cmov, cx8, fxsr, mmx, sse, sse2, sse3, ssse3, sse4.1, sse4.2, popcnt, avx, avx2, aes, erms, ht, tsc, tscinvbit

Memory: 4k page, physical 8239744k(1529652k free), swap 14383744k(3011160k free)

vm_info: Java HotSpot(TM) Client VM (24.65-b04) for windows-x86 JRE (1.7.0_67-b01), built on Jul 25 2014 10:20:53 by "java_re" with unknown MS VC++:1600

time: Sat Jun 02 14:48:08 2018
elapsed time: 718 seconds

